<?xml version="1.0" encoding="UTF-8"?>
<testng-results ignored="0" total="1" passed="1" failed="0" skipped="0">
  <reporter-output>
  </reporter-output>
  <suite started-at="2020-05-28T15:03:10 PDT" name="Suite" finished-at="2020-05-28T15:03:39 PDT" duration-ms="29557">
    <groups>
    </groups>
    <test started-at="2020-05-28T15:03:10 PDT" name="Test" finished-at="2020-05-28T15:03:39 PDT" duration-ms="29557">
      <class name="com.testautomation.TestRunner.TestRunner">
        <test-method is-config="true" signature="setUpClass()[pri:0, instance:com.testautomation.TestRunner.TestRunner@69b2283a]" started-at="2020-05-28T15:03:10 PDT" name="setUpClass" finished-at="2020-05-28T15:03:10 PDT" duration-ms="148" status="PASS">
          <reporter-output>
          </reporter-output>
        </test-method> <!-- setUpClass -->
        <test-method signature="feature(cucumber.api.testng.PickleEventWrapper, cucumber.api.testng.CucumberFeatureWrapper)[pri:0, instance:com.testautomation.TestRunner.TestRunner@69b2283a]" started-at="2020-05-28T15:03:10 PDT" name="feature" data-provider="features" finished-at="2020-05-28T15:03:39 PDT" duration-ms="29310" status="PASS">
          <params>
            <param index="0">
              <value>
                <![CDATA["new employee"]]>
              </value>
            </param>
            <param index="1">
              <value>
                <![CDATA["Add Employee Feature"]]>
              </value>
            </param>
          </params>
          <reporter-output>
          </reporter-output>
        </test-method> <!-- feature -->
        <test-method is-config="true" signature="tearDownClass()[pri:0, instance:com.testautomation.TestRunner.TestRunner@69b2283a]" started-at="2020-05-28T15:03:39 PDT" name="tearDownClass" finished-at="2020-05-28T15:03:39 PDT" duration-ms="8" status="PASS">
          <reporter-output>
          </reporter-output>
        </test-method> <!-- tearDownClass -->
      </class> <!-- com.testautomation.TestRunner.TestRunner -->
    </test> <!-- Test -->
  </suite> <!-- Suite -->
</testng-results>
